<?xml version="1.0" encoding="UTF-8"?>
<Site BuildName="(empty)"
	BuildStamp="20240625-0654-Experimental"
	Name="anton202"
	Generator="ctest-3.16.3"
	CompilerName="/usr/bin/c++"
	CompilerVersion="9.4.0"
	OSName="Linux"
	Hostname="anton202"
	OSRelease="5.15.0-107-generic"
	OSVersion="#117~20.04.1-Ubuntu SMP Tue Apr 30 10:35:57 UTC 2024"
	OSPlatform="x86_64"
	Is64Bits="1"
	VendorString="GenuineIntel"
	VendorID="Intel Corporation"
	FamilyID="6"
	ModelID="154"
	ProcessorCacheSize="24576"
	NumberOfLogicalCPU="20"
	NumberOfPhysicalCPU="14"
	TotalVirtualMemory="2047"
	TotalPhysicalMemory="15696"
	LogicalProcessorsPerPhysical="1"
	ProcessorClockFrequency="2900"
	>
	<Testing>
		<StartDateTime>Jun 25 18:11 MSK</StartDateTime>
		<StartTestTime>1719328265</StartTestTime>
		<TestList/>
		<EndDateTime>Jun 25 18:11 MSK</EndDateTime>
		<EndTestTime>1719328265</EndTestTime>
		<ElapsedMinutes>0</ElapsedMinutes>
	</Testing>
</Site>
